---------------------------------------------------------------
[ 2018-10-13T09:57:08+08:00 ] 127.0.0.1 GET /
[ info ] bigwu.com/ [运行时间：0.269239s][吞吐率：3.71req/s] [内存消耗：3,046.03kb] [文件加载：50]
[ info ] [ LANG ] D:\SoftDownload\wamp\www\bigwu\thinkphp\lang\zh-cn.php
[ info ] [ ROUTE ] array (
  'type' => 'module',
  'module' => 
  array (
    0 => 'home',
    1 => 'index',
    2 => 'index',
  ),
  'convert' => false,
)
[ info ] [ HEADER ] array (
  'accept' => 'text/html, application/xhtml+xml, image/jxr, */*',
  'accept-language' => 'zh-CN',
  'user-agent' => 'Mozilla/5.0 (Windows NT 10.0; WOW64; Trident/7.0; rv:11.0) like Gecko',
  'accept-encoding' => 'gzip, deflate',
  'host' => 'bigwu.com',
  'connection' => 'Keep-Alive',
  'cookie' => '__guid=25323182.104445654605618800.1539394321289.062; monitor_count=8',
)
[ info ] [ PARAM ] array (
)
[ info ] [ DB ] INIT mysql
[ info ] [ RUN ] app\home\controller\Index->index[ D:\SoftDownload\wamp\www\bigwu\application\home\controller\Index.php ]
[ info ] [ VIEW ] D:\SoftDownload\wamp\www\bigwu\public/../application/home\view\index\index.html [ array (
  0 => 'columnData',
) ]
[ info ] [ LOG ] INIT File
[ sql ] [ DB ] CONNECT:[ UseTime:0.033695s ] mysql:host=119.23.11.98;dbname=bigwu;charset=utf8
[ sql ] [ SQL ] SHOW COLUMNS FROM `bw_category` [ RunTime:0.021996s ]
[ sql ] [ SQL ] SELECT * FROM `bw_category` WHERE  `status` = 1  AND `parent_id` = 0 ORDER BY `listorder` DESC,`id` DESC [ RunTime:0.022588s ]
[ sql ] [ SQL ] SELECT * FROM `bw_category` WHERE  `parent_id` = 7  AND `status` = 1 [ RunTime:0.022320s ]
[ sql ] [ SQL ] SELECT * FROM `bw_category` WHERE  `parent_id` = 8  AND `status` = 1 [ RunTime:0.022057s ]
[ sql ] [ SQL ] SELECT * FROM `bw_category` WHERE  `parent_id` = 9  AND `status` = 1 [ RunTime:0.021055s ]
[ sql ] [ SQL ] SELECT * FROM `bw_category` WHERE  `parent_id` = 10  AND `status` = 1 [ RunTime:0.020833s ]
[ sql ] [ SQL ] SELECT `id` FROM `bw_category` WHERE  `name` = '唔该'  AND `status` = 1 LIMIT 1 [ RunTime:0.020534s ]
[ sql ] [ SQL ] SELECT `id` FROM `bw_category` WHERE  `name` = '产品'  AND `status` = 1 LIMIT 1 [ RunTime:0.020519s ]
[ sql ] [ SQL ] SELECT `id` FROM `bw_category` WHERE  `name` = '联系'  AND `status` = 1 LIMIT 1 [ RunTime:0.020373s ]
---------------------------------------------------------------
[ 2018-10-13T09:57:16+08:00 ] 127.0.0.1 GET /static/home/js/swiper.min.js.map
[ info ] bigwu.com/static/home/js/swiper.min.js.map [运行时间：0.024732s][吞吐率：40.43req/s] [内存消耗：1,232.53kb] [文件加载：32]
[ info ] [ LANG ] D:\SoftDownload\wamp\www\bigwu\thinkphp\lang\zh-cn.php
[ info ] [ ROUTE ] array (
  'type' => 'module',
  'module' => 
  array (
    0 => 'static',
    1 => 'home',
    2 => 'js',
  ),
)
[ info ] [ HEADER ] array (
  'accept' => '*/*',
  'accept-language' => 'zh-CN',
  'accept-encoding' => 'gzip, deflate',
  'user-agent' => 'Mozilla/5.0 (Windows NT 10.0; WOW64; Trident/7.0; rv:11.0) like Gecko',
  'host' => 'bigwu.com',
  'connection' => 'Keep-Alive',
  'cache-control' => 'no-cache',
  'cookie' => '__guid=25323182.104445654605618800.1539394321289.062; monitor_count=8',
)
[ info ] [ PARAM ] array (
  '/static/home/js/swiper_min_js_map' => '',
)
[ info ] [ LOG ] INIT File
---------------------------------------------------------------
[ 2018-10-13T09:57:18+08:00 ] 127.0.0.1 GET /
[ info ] bigwu.com/ [运行时间：0.254620s][吞吐率：3.93req/s] [内存消耗：2,858.01kb] [文件加载：47]
[ info ] [ LANG ] D:\SoftDownload\wamp\www\bigwu\thinkphp\lang\zh-cn.php
[ info ] [ ROUTE ] array (
  'type' => 'module',
  'module' => 
  array (
    0 => 'home',
    1 => 'index',
    2 => 'index',
  ),
  'convert' => false,
)
[ info ] [ HEADER ] array (
  'accept' => 'text/html, application/xhtml+xml, image/jxr, */*',
  'accept-language' => 'zh-CN',
  'user-agent' => 'Mozilla/5.0 (Windows NT 10.0; WOW64; Trident/7.0; rv:11.0) like Gecko',
  'accept-encoding' => 'gzip, deflate',
  'host' => 'bigwu.com',
  'connection' => 'Keep-Alive',
  'cookie' => '__guid=25323182.104445654605618800.1539394321289.062; monitor_count=8',
)
[ info ] [ PARAM ] array (
)
[ info ] [ DB ] INIT mysql
[ info ] [ RUN ] app\home\controller\Index->index[ D:\SoftDownload\wamp\www\bigwu\application\home\controller\Index.php ]
[ info ] [ VIEW ] D:\SoftDownload\wamp\www\bigwu\public/../application/home\view\index\index.html [ array (
  0 => 'columnData',
) ]
[ info ] [ LOG ] INIT File
[ sql ] [ DB ] CONNECT:[ UseTime:0.030605s ] mysql:host=119.23.11.98;dbname=bigwu;charset=utf8
[ sql ] [ SQL ] SHOW COLUMNS FROM `bw_category` [ RunTime:0.020422s ]
[ sql ] [ SQL ] SELECT * FROM `bw_category` WHERE  `status` = 1  AND `parent_id` = 0 ORDER BY `listorder` DESC,`id` DESC [ RunTime:0.021014s ]
[ sql ] [ SQL ] SELECT * FROM `bw_category` WHERE  `parent_id` = 7  AND `status` = 1 [ RunTime:0.020342s ]
[ sql ] [ SQL ] SELECT * FROM `bw_category` WHERE  `parent_id` = 8  AND `status` = 1 [ RunTime:0.020788s ]
[ sql ] [ SQL ] SELECT * FROM `bw_category` WHERE  `parent_id` = 9  AND `status` = 1 [ RunTime:0.019750s ]
[ sql ] [ SQL ] SELECT * FROM `bw_category` WHERE  `parent_id` = 10  AND `status` = 1 [ RunTime:0.019893s ]
[ sql ] [ SQL ] SELECT `id` FROM `bw_category` WHERE  `name` = '唔该'  AND `status` = 1 LIMIT 1 [ RunTime:0.019670s ]
[ sql ] [ SQL ] SELECT `id` FROM `bw_category` WHERE  `name` = '产品'  AND `status` = 1 LIMIT 1 [ RunTime:0.019799s ]
[ sql ] [ SQL ] SELECT `id` FROM `bw_category` WHERE  `name` = '联系'  AND `status` = 1 LIMIT 1 [ RunTime:0.020162s ]
---------------------------------------------------------------
[ 2018-10-13T09:57:18+08:00 ] 127.0.0.1 GET /static/home/js/swiper.min.js.map
[ info ] bigwu.com/static/home/js/swiper.min.js.map [运行时间：0.026687s][吞吐率：37.47req/s] [内存消耗：1,232.26kb] [文件加载：32]
[ info ] [ LANG ] D:\SoftDownload\wamp\www\bigwu\thinkphp\lang\zh-cn.php
[ info ] [ ROUTE ] array (
  'type' => 'module',
  'module' => 
  array (
    0 => 'static',
    1 => 'home',
    2 => 'js',
  ),
)
[ info ] [ HEADER ] array (
  'accept' => '*/*',
  'accept-language' => 'zh-CN',
  'accept-encoding' => 'gzip, deflate',
  'user-agent' => 'Mozilla/5.0 (Windows NT 10.0; WOW64; Trident/7.0; rv:11.0) like Gecko',
  'host' => 'bigwu.com',
  'connection' => 'Keep-Alive',
  'cookie' => '__guid=25323182.104445654605618800.1539394321289.062; monitor_count=8',
)
[ info ] [ PARAM ] array (
  '/static/home/js/swiper_min_js_map' => '',
)
[ info ] [ LOG ] INIT File
---------------------------------------------------------------
[ 2018-10-13T09:57:23+08:00 ] 127.0.0.1 GET /
[ info ] bigwu.com/ [运行时间：0.253285s][吞吐率：3.95req/s] [内存消耗：2,858.01kb] [文件加载：47]
[ info ] [ LANG ] D:\SoftDownload\wamp\www\bigwu\thinkphp\lang\zh-cn.php
[ info ] [ ROUTE ] array (
  'type' => 'module',
  'module' => 
  array (
    0 => 'home',
    1 => 'index',
    2 => 'index',
  ),
  'convert' => false,
)
[ info ] [ HEADER ] array (
  'accept' => 'text/html, application/xhtml+xml, image/jxr, */*',
  'accept-language' => 'zh-CN',
  'user-agent' => 'Mozilla/5.0 (Windows NT 10.0; WOW64; Trident/7.0; rv:11.0) like Gecko',
  'accept-encoding' => 'gzip, deflate',
  'host' => 'bigwu.com',
  'connection' => 'Keep-Alive',
  'cookie' => '__guid=25323182.104445654605618800.1539394321289.062; monitor_count=8',
)
[ info ] [ PARAM ] array (
)
[ info ] [ DB ] INIT mysql
[ info ] [ RUN ] app\home\controller\Index->index[ D:\SoftDownload\wamp\www\bigwu\application\home\controller\Index.php ]
[ info ] [ VIEW ] D:\SoftDownload\wamp\www\bigwu\public/../application/home\view\index\index.html [ array (
  0 => 'columnData',
) ]
[ info ] [ LOG ] INIT File
[ sql ] [ DB ] CONNECT:[ UseTime:0.029859s ] mysql:host=119.23.11.98;dbname=bigwu;charset=utf8
[ sql ] [ SQL ] SHOW COLUMNS FROM `bw_category` [ RunTime:0.019757s ]
[ sql ] [ SQL ] SELECT * FROM `bw_category` WHERE  `status` = 1  AND `parent_id` = 0 ORDER BY `listorder` DESC,`id` DESC [ RunTime:0.020076s ]
[ sql ] [ SQL ] SELECT * FROM `bw_category` WHERE  `parent_id` = 7  AND `status` = 1 [ RunTime:0.020160s ]
[ sql ] [ SQL ] SELECT * FROM `bw_category` WHERE  `parent_id` = 8  AND `status` = 1 [ RunTime:0.020116s ]
[ sql ] [ SQL ] SELECT * FROM `bw_category` WHERE  `parent_id` = 9  AND `status` = 1 [ RunTime:0.020281s ]
[ sql ] [ SQL ] SELECT * FROM `bw_category` WHERE  `parent_id` = 10  AND `status` = 1 [ RunTime:0.019735s ]
[ sql ] [ SQL ] SELECT `id` FROM `bw_category` WHERE  `name` = '唔该'  AND `status` = 1 LIMIT 1 [ RunTime:0.019051s ]
[ sql ] [ SQL ] SELECT `id` FROM `bw_category` WHERE  `name` = '产品'  AND `status` = 1 LIMIT 1 [ RunTime:0.018894s ]
[ sql ] [ SQL ] SELECT `id` FROM `bw_category` WHERE  `name` = '联系'  AND `status` = 1 LIMIT 1 [ RunTime:0.019274s ]
---------------------------------------------------------------
[ 2018-10-13T09:57:23+08:00 ] 127.0.0.1 GET /static/home/js/swiper.min.js.map
[ info ] bigwu.com/static/home/js/swiper.min.js.map [运行时间：0.020947s][吞吐率：47.74req/s] [内存消耗：1,232.26kb] [文件加载：32]
[ info ] [ LANG ] D:\SoftDownload\wamp\www\bigwu\thinkphp\lang\zh-cn.php
[ info ] [ ROUTE ] array (
  'type' => 'module',
  'module' => 
  array (
    0 => 'static',
    1 => 'home',
    2 => 'js',
  ),
)
[ info ] [ HEADER ] array (
  'accept' => '*/*',
  'accept-language' => 'zh-CN',
  'accept-encoding' => 'gzip, deflate',
  'user-agent' => 'Mozilla/5.0 (Windows NT 10.0; WOW64; Trident/7.0; rv:11.0) like Gecko',
  'host' => 'bigwu.com',
  'connection' => 'Keep-Alive',
  'cookie' => '__guid=25323182.104445654605618800.1539394321289.062; monitor_count=8',
)
[ info ] [ PARAM ] array (
  '/static/home/js/swiper_min_js_map' => '',
)
[ info ] [ LOG ] INIT File
---------------------------------------------------------------
[ 2018-10-13T09:57:27+08:00 ] 127.0.0.1 GET /images/more-icon-blue.png
[ info ] bigwu.com/images/more-icon-blue.png [运行时间：0.037247s][吞吐率：26.85req/s] [内存消耗：1,262.21kb] [文件加载：31]
[ info ] [ LANG ] D:\SoftDownload\wamp\www\bigwu\thinkphp\lang\zh-cn.php
[ info ] [ ROUTE ] array (
  'type' => 'module',
  'module' => 
  array (
    0 => 'images',
    1 => 'more-icon-blue.png',
    2 => NULL,
  ),
)
[ info ] [ HEADER ] array (
  'accept' => 'image/png, image/svg+xml, image/jxr, image/*;q=0.8, */*;q=0.5',
  'referer' => 'http://bigwu.com/',
  'accept-language' => 'zh-CN',
  'user-agent' => 'Mozilla/5.0 (Windows NT 10.0; WOW64; Trident/7.0; rv:11.0) like Gecko',
  'accept-encoding' => 'gzip, deflate',
  'host' => 'bigwu.com',
  'connection' => 'Keep-Alive',
  'cookie' => '__guid=25323182.104445654605618800.1539394321289.062; monitor_count=8',
)
[ info ] [ PARAM ] array (
  '/images/more-icon-blue_png' => '',
)
[ info ] [ LOG ] INIT File
---------------------------------------------------------------
[ 2018-10-13T09:57:27+08:00 ] 127.0.0.1 GET /images/more-icon.png
[ info ] bigwu.com/images/more-icon.png [运行时间：0.030050s][吞吐率：33.28req/s] [内存消耗：1,262.05kb] [文件加载：31]
[ info ] [ LANG ] D:\SoftDownload\wamp\www\bigwu\thinkphp\lang\zh-cn.php
[ info ] [ ROUTE ] array (
  'type' => 'module',
  'module' => 
  array (
    0 => 'images',
    1 => 'more-icon.png',
    2 => NULL,
  ),
)
[ info ] [ HEADER ] array (
  'accept' => 'image/png, image/svg+xml, image/jxr, image/*;q=0.8, */*;q=0.5',
  'referer' => 'http://bigwu.com/',
  'accept-language' => 'zh-CN',
  'user-agent' => 'Mozilla/5.0 (Windows NT 10.0; WOW64; Trident/7.0; rv:11.0) like Gecko',
  'accept-encoding' => 'gzip, deflate',
  'host' => 'bigwu.com',
  'connection' => 'Keep-Alive',
  'cookie' => '__guid=25323182.104445654605618800.1539394321289.062; monitor_count=8',
)
[ info ] [ PARAM ] array (
  '/images/more-icon_png' => '',
)
[ info ] [ LOG ] INIT File
---------------------------------------------------------------
[ 2018-10-13T09:57:27+08:00 ] 127.0.0.1 GET /images/more-icon-blue.png
[ info ] bigwu.com/images/more-icon-blue.png [运行时间：0.028763s][吞吐率：34.77req/s] [内存消耗：1,232.81kb] [文件加载：32]
[ info ] [ LANG ] D:\SoftDownload\wamp\www\bigwu\thinkphp\lang\zh-cn.php
[ info ] [ ROUTE ] array (
  'type' => 'module',
  'module' => 
  array (
    0 => 'images',
    1 => 'more-icon-blue.png',
    2 => NULL,
  ),
)
[ info ] [ HEADER ] array (
  'accept' => 'image/png, image/svg+xml, image/jxr, image/*;q=0.8, */*;q=0.5',
  'referer' => 'http://bigwu.com/',
  'accept-language' => 'zh-CN',
  'user-agent' => 'Mozilla/5.0 (Windows NT 10.0; WOW64; Trident/7.0; rv:11.0) like Gecko',
  'accept-encoding' => 'gzip, deflate',
  'host' => 'bigwu.com',
  'connection' => 'Keep-Alive',
  'cookie' => '__guid=25323182.104445654605618800.1539394321289.062; monitor_count=8',
)
[ info ] [ PARAM ] array (
  '/images/more-icon-blue_png' => '',
)
[ info ] [ LOG ] INIT File
---------------------------------------------------------------
[ 2018-10-13T09:57:27+08:00 ] 127.0.0.1 GET /images/more-icon.png
[ info ] bigwu.com/images/more-icon.png [运行时间：0.026036s][吞吐率：38.41req/s] [内存消耗：1,232.66kb] [文件加载：32]
[ info ] [ LANG ] D:\SoftDownload\wamp\www\bigwu\thinkphp\lang\zh-cn.php
[ info ] [ ROUTE ] array (
  'type' => 'module',
  'module' => 
  array (
    0 => 'images',
    1 => 'more-icon.png',
    2 => NULL,
  ),
)
[ info ] [ HEADER ] array (
  'accept' => 'image/png, image/svg+xml, image/jxr, image/*;q=0.8, */*;q=0.5',
  'referer' => 'http://bigwu.com/',
  'accept-language' => 'zh-CN',
  'user-agent' => 'Mozilla/5.0 (Windows NT 10.0; WOW64; Trident/7.0; rv:11.0) like Gecko',
  'accept-encoding' => 'gzip, deflate',
  'host' => 'bigwu.com',
  'connection' => 'Keep-Alive',
  'cookie' => '__guid=25323182.104445654605618800.1539394321289.062; monitor_count=8',
)
[ info ] [ PARAM ] array (
  '/images/more-icon_png' => '',
)
[ info ] [ LOG ] INIT File
---------------------------------------------------------------
[ 2018-10-13T09:57:28+08:00 ] 127.0.0.1 GET /images/more-icon-blue.png
[ info ] bigwu.com/images/more-icon-blue.png [运行时间：0.018899s][吞吐率：52.91req/s] [内存消耗：1,232.77kb] [文件加载：32]
[ info ] [ LANG ] D:\SoftDownload\wamp\www\bigwu\thinkphp\lang\zh-cn.php
[ info ] [ ROUTE ] array (
  'type' => 'module',
  'module' => 
  array (
    0 => 'images',
    1 => 'more-icon-blue.png',
    2 => NULL,
  ),
)
[ info ] [ HEADER ] array (
  'accept' => 'image/png, image/svg+xml, image/jxr, image/*;q=0.8, */*;q=0.5',
  'referer' => 'http://bigwu.com/',
  'accept-language' => 'zh-CN',
  'user-agent' => 'Mozilla/5.0 (Windows NT 10.0; WOW64; Trident/7.0; rv:11.0) like Gecko',
  'accept-encoding' => 'gzip, deflate',
  'host' => 'bigwu.com',
  'connection' => 'Keep-Alive',
  'cookie' => '__guid=25323182.104445654605618800.1539394321289.062; monitor_count=8',
)
[ info ] [ PARAM ] array (
  '/images/more-icon-blue_png' => '',
)
[ info ] [ LOG ] INIT File
---------------------------------------------------------------
[ 2018-10-13T09:57:28+08:00 ] 127.0.0.1 GET /images/more-icon-blue.png
[ info ] bigwu.com/images/more-icon-blue.png [运行时间：0.018738s][吞吐率：53.37req/s] [内存消耗：1,232.77kb] [文件加载：32]
[ info ] [ LANG ] D:\SoftDownload\wamp\www\bigwu\thinkphp\lang\zh-cn.php
[ info ] [ ROUTE ] array (
  'type' => 'module',
  'module' => 
  array (
    0 => 'images',
    1 => 'more-icon-blue.png',
    2 => NULL,
  ),
)
[ info ] [ HEADER ] array (
  'accept' => 'image/png, image/svg+xml, image/jxr, image/*;q=0.8, */*;q=0.5',
  'referer' => 'http://bigwu.com/',
  'accept-language' => 'zh-CN',
  'user-agent' => 'Mozilla/5.0 (Windows NT 10.0; WOW64; Trident/7.0; rv:11.0) like Gecko',
  'accept-encoding' => 'gzip, deflate',
  'host' => 'bigwu.com',
  'connection' => 'Keep-Alive',
  'cookie' => '__guid=25323182.104445654605618800.1539394321289.062; monitor_count=8',
)
[ info ] [ PARAM ] array (
  '/images/more-icon-blue_png' => '',
)
[ info ] [ LOG ] INIT File
---------------------------------------------------------------
[ 2018-10-13T09:57:28+08:00 ] 127.0.0.1 GET /images/more-icon.png
[ info ] bigwu.com/images/more-icon.png [运行时间：0.037022s][吞吐率：27.01req/s] [内存消耗：1,232.66kb] [文件加载：32]
[ info ] [ LANG ] D:\SoftDownload\wamp\www\bigwu\thinkphp\lang\zh-cn.php
[ info ] [ ROUTE ] array (
  'type' => 'module',
  'module' => 
  array (
    0 => 'images',
    1 => 'more-icon.png',
    2 => NULL,
  ),
)
[ info ] [ HEADER ] array (
  'accept' => 'image/png, image/svg+xml, image/jxr, image/*;q=0.8, */*;q=0.5',
  'referer' => 'http://bigwu.com/',
  'accept-language' => 'zh-CN',
  'user-agent' => 'Mozilla/5.0 (Windows NT 10.0; WOW64; Trident/7.0; rv:11.0) like Gecko',
  'accept-encoding' => 'gzip, deflate',
  'host' => 'bigwu.com',
  'connection' => 'Keep-Alive',
  'cookie' => '__guid=25323182.104445654605618800.1539394321289.062; monitor_count=8',
)
[ info ] [ PARAM ] array (
  '/images/more-icon_png' => '',
)
[ info ] [ LOG ] INIT File
---------------------------------------------------------------
[ 2018-10-13T09:57:33+08:00 ] 127.0.0.1 GET /images/more-icon-blue.png
[ info ] bigwu.com/images/more-icon-blue.png [运行时间：0.036142s][吞吐率：27.67req/s] [内存消耗：1,232.77kb] [文件加载：32]
[ info ] [ LANG ] D:\SoftDownload\wamp\www\bigwu\thinkphp\lang\zh-cn.php
[ info ] [ ROUTE ] array (
  'type' => 'module',
  'module' => 
  array (
    0 => 'images',
    1 => 'more-icon-blue.png',
    2 => NULL,
  ),
)
[ info ] [ HEADER ] array (
  'accept' => 'image/png, image/svg+xml, image/jxr, image/*;q=0.8, */*;q=0.5',
  'referer' => 'http://bigwu.com/',
  'accept-language' => 'zh-CN',
  'user-agent' => 'Mozilla/5.0 (Windows NT 10.0; WOW64; Trident/7.0; rv:11.0) like Gecko',
  'accept-encoding' => 'gzip, deflate',
  'host' => 'bigwu.com',
  'connection' => 'Keep-Alive',
  'cookie' => '__guid=25323182.104445654605618800.1539394321289.062; monitor_count=8',
)
[ info ] [ PARAM ] array (
  '/images/more-icon-blue_png' => '',
)
[ info ] [ LOG ] INIT File
---------------------------------------------------------------
[ 2018-10-13T09:57:33+08:00 ] 127.0.0.1 GET /images/more-icon.png
[ info ] bigwu.com/images/more-icon.png [运行时间：0.035022s][吞吐率：28.55req/s] [内存消耗：1,232.66kb] [文件加载：32]
[ info ] [ LANG ] D:\SoftDownload\wamp\www\bigwu\thinkphp\lang\zh-cn.php
[ info ] [ ROUTE ] array (
  'type' => 'module',
  'module' => 
  array (
    0 => 'images',
    1 => 'more-icon.png',
    2 => NULL,
  ),
)
[ info ] [ HEADER ] array (
  'accept' => 'image/png, image/svg+xml, image/jxr, image/*;q=0.8, */*;q=0.5',
  'referer' => 'http://bigwu.com/',
  'accept-language' => 'zh-CN',
  'user-agent' => 'Mozilla/5.0 (Windows NT 10.0; WOW64; Trident/7.0; rv:11.0) like Gecko',
  'accept-encoding' => 'gzip, deflate',
  'host' => 'bigwu.com',
  'connection' => 'Keep-Alive',
  'cookie' => '__guid=25323182.104445654605618800.1539394321289.062; monitor_count=8',
)
[ info ] [ PARAM ] array (
  '/images/more-icon_png' => '',
)
[ info ] [ LOG ] INIT File
---------------------------------------------------------------
[ 2018-10-13T09:57:34+08:00 ] 127.0.0.1 GET /images/more-icon-blue.png
[ info ] bigwu.com/images/more-icon-blue.png [运行时间：0.044293s][吞吐率：22.58req/s] [内存消耗：1,262.21kb] [文件加载：31]
[ info ] [ LANG ] D:\SoftDownload\wamp\www\bigwu\thinkphp\lang\zh-cn.php
[ info ] [ ROUTE ] array (
  'type' => 'module',
  'module' => 
  array (
    0 => 'images',
    1 => 'more-icon-blue.png',
    2 => NULL,
  ),
)
[ info ] [ HEADER ] array (
  'accept' => 'image/png, image/svg+xml, image/jxr, image/*;q=0.8, */*;q=0.5',
  'referer' => 'http://bigwu.com/',
  'accept-language' => 'zh-CN',
  'user-agent' => 'Mozilla/5.0 (Windows NT 10.0; WOW64; Trident/7.0; rv:11.0) like Gecko',
  'accept-encoding' => 'gzip, deflate',
  'host' => 'bigwu.com',
  'connection' => 'Keep-Alive',
  'cookie' => '__guid=25323182.104445654605618800.1539394321289.062; monitor_count=8',
)
[ info ] [ PARAM ] array (
  '/images/more-icon-blue_png' => '',
)
[ info ] [ LOG ] INIT File
---------------------------------------------------------------
[ 2018-10-13T09:57:34+08:00 ] 127.0.0.1 GET /images/more-icon-blue.png
[ info ] bigwu.com/images/more-icon-blue.png [运行时间：0.037284s][吞吐率：26.82req/s] [内存消耗：1,232.77kb] [文件加载：32]
[ info ] [ LANG ] D:\SoftDownload\wamp\www\bigwu\thinkphp\lang\zh-cn.php
[ info ] [ ROUTE ] array (
  'type' => 'module',
  'module' => 
  array (
    0 => 'images',
    1 => 'more-icon-blue.png',
    2 => NULL,
  ),
)
[ info ] [ HEADER ] array (
  'accept' => 'image/png, image/svg+xml, image/jxr, image/*;q=0.8, */*;q=0.5',
  'referer' => 'http://bigwu.com/',
  'accept-language' => 'zh-CN',
  'user-agent' => 'Mozilla/5.0 (Windows NT 10.0; WOW64; Trident/7.0; rv:11.0) like Gecko',
  'accept-encoding' => 'gzip, deflate',
  'host' => 'bigwu.com',
  'connection' => 'Keep-Alive',
  'cookie' => '__guid=25323182.104445654605618800.1539394321289.062; monitor_count=8',
)
[ info ] [ PARAM ] array (
  '/images/more-icon-blue_png' => '',
)
[ info ] [ LOG ] INIT File
---------------------------------------------------------------
[ 2018-10-13T09:57:34+08:00 ] 127.0.0.1 GET /images/more-icon.png
[ info ] bigwu.com/images/more-icon.png [运行时间：0.041734s][吞吐率：23.96req/s] [内存消耗：1,232.66kb] [文件加载：32]
[ info ] [ LANG ] D:\SoftDownload\wamp\www\bigwu\thinkphp\lang\zh-cn.php
[ info ] [ ROUTE ] array (
  'type' => 'module',
  'module' => 
  array (
    0 => 'images',
    1 => 'more-icon.png',
    2 => NULL,
  ),
)
[ info ] [ HEADER ] array (
  'accept' => 'image/png, image/svg+xml, image/jxr, image/*;q=0.8, */*;q=0.5',
  'referer' => 'http://bigwu.com/',
  'accept-language' => 'zh-CN',
  'user-agent' => 'Mozilla/5.0 (Windows NT 10.0; WOW64; Trident/7.0; rv:11.0) like Gecko',
  'accept-encoding' => 'gzip, deflate',
  'host' => 'bigwu.com',
  'connection' => 'Keep-Alive',
  'cookie' => '__guid=25323182.104445654605618800.1539394321289.062; monitor_count=8',
)
[ info ] [ PARAM ] array (
  '/images/more-icon_png' => '',
)
[ info ] [ LOG ] INIT File
---------------------------------------------------------------
[ 2018-10-13T09:57:45+08:00 ] 127.0.0.1 GET /
[ info ] bigwu.com/ [运行时间：0.283743s][吞吐率：3.52req/s] [内存消耗：2,858.01kb] [文件加载：47]
[ info ] [ LANG ] D:\SoftDownload\wamp\www\bigwu\thinkphp\lang\zh-cn.php
[ info ] [ ROUTE ] array (
  'type' => 'module',
  'module' => 
  array (
    0 => 'home',
    1 => 'index',
    2 => 'index',
  ),
  'convert' => false,
)
[ info ] [ HEADER ] array (
  'accept' => 'text/html, application/xhtml+xml, image/jxr, */*',
  'accept-language' => 'zh-CN',
  'user-agent' => 'Mozilla/5.0 (Windows NT 10.0; WOW64; Trident/7.0; rv:11.0) like Gecko',
  'accept-encoding' => 'gzip, deflate',
  'host' => 'bigwu.com',
  'connection' => 'Keep-Alive',
  'cookie' => '__guid=25323182.104445654605618800.1539394321289.062; monitor_count=8',
)
[ info ] [ PARAM ] array (
)
[ info ] [ DB ] INIT mysql
[ info ] [ RUN ] app\home\controller\Index->index[ D:\SoftDownload\wamp\www\bigwu\application\home\controller\Index.php ]
[ info ] [ VIEW ] D:\SoftDownload\wamp\www\bigwu\public/../application/home\view\index\index.html [ array (
  0 => 'columnData',
) ]
[ info ] [ LOG ] INIT File
[ sql ] [ DB ] CONNECT:[ UseTime:0.040626s ] mysql:host=119.23.11.98;dbname=bigwu;charset=utf8
[ sql ] [ SQL ] SHOW COLUMNS FROM `bw_category` [ RunTime:0.022434s ]
[ sql ] [ SQL ] SELECT * FROM `bw_category` WHERE  `status` = 1  AND `parent_id` = 0 ORDER BY `listorder` DESC,`id` DESC [ RunTime:0.020167s ]
[ sql ] [ SQL ] SELECT * FROM `bw_category` WHERE  `parent_id` = 7  AND `status` = 1 [ RunTime:0.019991s ]
[ sql ] [ SQL ] SELECT * FROM `bw_category` WHERE  `parent_id` = 8  AND `status` = 1 [ RunTime:0.019602s ]
[ sql ] [ SQL ] SELECT * FROM `bw_category` WHERE  `parent_id` = 9  AND `status` = 1 [ RunTime:0.019328s ]
[ sql ] [ SQL ] SELECT * FROM `bw_category` WHERE  `parent_id` = 10  AND `status` = 1 [ RunTime:0.019095s ]
[ sql ] [ SQL ] SELECT `id` FROM `bw_category` WHERE  `name` = '唔该'  AND `status` = 1 LIMIT 1 [ RunTime:0.018615s ]
[ sql ] [ SQL ] SELECT `id` FROM `bw_category` WHERE  `name` = '产品'  AND `status` = 1 LIMIT 1 [ RunTime:0.018720s ]
[ sql ] [ SQL ] SELECT `id` FROM `bw_category` WHERE  `name` = '联系'  AND `status` = 1 LIMIT 1 [ RunTime:0.018892s ]
---------------------------------------------------------------
[ 2018-10-13T09:58:33+08:00 ] 127.0.0.1 GET /
[ info ] bigwu.com/ [运行时间：0.286348s][吞吐率：3.49req/s] [内存消耗：2,858.01kb] [文件加载：47]
[ info ] [ LANG ] D:\SoftDownload\wamp\www\bigwu\thinkphp\lang\zh-cn.php
[ info ] [ ROUTE ] array (
  'type' => 'module',
  'module' => 
  array (
    0 => 'home',
    1 => 'index',
    2 => 'index',
  ),
  'convert' => false,
)
[ info ] [ HEADER ] array (
  'accept' => 'text/html, application/xhtml+xml, image/jxr, */*',
  'accept-language' => 'zh-CN',
  'user-agent' => 'Mozilla/5.0 (Windows NT 10.0; WOW64; Trident/7.0; rv:11.0) like Gecko',
  'accept-encoding' => 'gzip, deflate',
  'host' => 'bigwu.com',
  'connection' => 'Keep-Alive',
  'cookie' => '__guid=25323182.104445654605618800.1539394321289.062; monitor_count=8',
)
[ info ] [ PARAM ] array (
)
[ info ] [ DB ] INIT mysql
[ info ] [ RUN ] app\home\controller\Index->index[ D:\SoftDownload\wamp\www\bigwu\application\home\controller\Index.php ]
[ info ] [ VIEW ] D:\SoftDownload\wamp\www\bigwu\public/../application/home\view\index\index.html [ array (
  0 => 'columnData',
) ]
[ info ] [ LOG ] INIT File
[ sql ] [ DB ] CONNECT:[ UseTime:0.031626s ] mysql:host=119.23.11.98;dbname=bigwu;charset=utf8
[ sql ] [ SQL ] SHOW COLUMNS FROM `bw_category` [ RunTime:0.021705s ]
[ sql ] [ SQL ] SELECT * FROM `bw_category` WHERE  `status` = 1  AND `parent_id` = 0 ORDER BY `listorder` DESC,`id` DESC [ RunTime:0.021785s ]
[ sql ] [ SQL ] SELECT * FROM `bw_category` WHERE  `parent_id` = 7  AND `status` = 1 [ RunTime:0.021787s ]
[ sql ] [ SQL ] SELECT * FROM `bw_category` WHERE  `parent_id` = 8  AND `status` = 1 [ RunTime:0.022270s ]
[ sql ] [ SQL ] SELECT * FROM `bw_category` WHERE  `parent_id` = 9  AND `status` = 1 [ RunTime:0.020591s ]
[ sql ] [ SQL ] SELECT * FROM `bw_category` WHERE  `parent_id` = 10  AND `status` = 1 [ RunTime:0.020812s ]
[ sql ] [ SQL ] SELECT `id` FROM `bw_category` WHERE  `name` = '唔该'  AND `status` = 1 LIMIT 1 [ RunTime:0.020375s ]
[ sql ] [ SQL ] SELECT `id` FROM `bw_category` WHERE  `name` = '产品'  AND `status` = 1 LIMIT 1 [ RunTime:0.020314s ]
[ sql ] [ SQL ] SELECT `id` FROM `bw_category` WHERE  `name` = '联系'  AND `status` = 1 LIMIT 1 [ RunTime:0.021229s ]
---------------------------------------------------------------
[ 2018-10-13T09:58:36+08:00 ] 127.0.0.1 GET /
[ info ] bigwu.com/ [运行时间：0.264098s][吞吐率：3.79req/s] [内存消耗：2,858.40kb] [文件加载：47]
[ info ] [ LANG ] D:\SoftDownload\wamp\www\bigwu\thinkphp\lang\zh-cn.php
[ info ] [ ROUTE ] array (
  'type' => 'module',
  'module' => 
  array (
    0 => 'home',
    1 => 'index',
    2 => 'index',
  ),
  'convert' => false,
)
[ info ] [ HEADER ] array (
  'host' => 'bigwu.com',
  'connection' => 'keep-alive',
  'upgrade-insecure-requests' => '1',
  'user-agent' => 'Mozilla/5.0 (Windows NT 10.0; WOW64) AppleWebKit/537.36 (KHTML, like Gecko) Chrome/55.0.2883.87 Safari/537.36',
  'accept' => 'text/html,application/xhtml+xml,application/xml;q=0.9,image/webp,*/*;q=0.8',
  'accept-encoding' => 'gzip, deflate, sdch',
  'accept-language' => 'zh-CN,zh;q=0.8',
  'cookie' => '__guid=25323182.104445654605618800.1539394321289.062; monitor_count=8',
)
[ info ] [ PARAM ] array (
)
[ info ] [ DB ] INIT mysql
[ info ] [ RUN ] app\home\controller\Index->index[ D:\SoftDownload\wamp\www\bigwu\application\home\controller\Index.php ]
[ info ] [ VIEW ] D:\SoftDownload\wamp\www\bigwu\public/../application/home\view\index\index.html [ array (
  0 => 'columnData',
) ]
[ info ] [ LOG ] INIT File
[ sql ] [ DB ] CONNECT:[ UseTime:0.029191s ] mysql:host=119.23.11.98;dbname=bigwu;charset=utf8
[ sql ] [ SQL ] SHOW COLUMNS FROM `bw_category` [ RunTime:0.019297s ]
[ sql ] [ SQL ] SELECT * FROM `bw_category` WHERE  `status` = 1  AND `parent_id` = 0 ORDER BY `listorder` DESC,`id` DESC [ RunTime:0.019250s ]
[ sql ] [ SQL ] SELECT * FROM `bw_category` WHERE  `parent_id` = 7  AND `status` = 1 [ RunTime:0.019340s ]
[ sql ] [ SQL ] SELECT * FROM `bw_category` WHERE  `parent_id` = 8  AND `status` = 1 [ RunTime:0.019678s ]
[ sql ] [ SQL ] SELECT * FROM `bw_category` WHERE  `parent_id` = 9  AND `status` = 1 [ RunTime:0.018934s ]
[ sql ] [ SQL ] SELECT * FROM `bw_category` WHERE  `parent_id` = 10  AND `status` = 1 [ RunTime:0.019650s ]
[ sql ] [ SQL ] SELECT `id` FROM `bw_category` WHERE  `name` = '唔该'  AND `status` = 1 LIMIT 1 [ RunTime:0.018797s ]
[ sql ] [ SQL ] SELECT `id` FROM `bw_category` WHERE  `name` = '产品'  AND `status` = 1 LIMIT 1 [ RunTime:0.018123s ]
[ sql ] [ SQL ] SELECT `id` FROM `bw_category` WHERE  `name` = '联系'  AND `status` = 1 LIMIT 1 [ RunTime:0.018714s ]
---------------------------------------------------------------
[ 2018-10-13T09:58:38+08:00 ] 127.0.0.1 GET /
[ info ] bigwu.com/ [运行时间：0.251139s][吞吐率：3.98req/s] [内存消耗：2,858.01kb] [文件加载：47]
[ info ] [ LANG ] D:\SoftDownload\wamp\www\bigwu\thinkphp\lang\zh-cn.php
[ info ] [ ROUTE ] array (
  'type' => 'module',
  'module' => 
  array (
    0 => 'home',
    1 => 'index',
    2 => 'index',
  ),
  'convert' => false,
)
[ info ] [ HEADER ] array (
  'accept' => 'text/html, application/xhtml+xml, image/jxr, */*',
  'accept-language' => 'zh-CN',
  'user-agent' => 'Mozilla/5.0 (Windows NT 10.0; WOW64; Trident/7.0; rv:11.0) like Gecko',
  'accept-encoding' => 'gzip, deflate',
  'host' => 'bigwu.com',
  'connection' => 'Keep-Alive',
  'cookie' => '__guid=25323182.104445654605618800.1539394321289.062; monitor_count=8',
)
[ info ] [ PARAM ] array (
)
[ info ] [ DB ] INIT mysql
[ info ] [ RUN ] app\home\controller\Index->index[ D:\SoftDownload\wamp\www\bigwu\application\home\controller\Index.php ]
[ info ] [ VIEW ] D:\SoftDownload\wamp\www\bigwu\public/../application/home\view\index\index.html [ array (
  0 => 'columnData',
) ]
[ info ] [ LOG ] INIT File
[ sql ] [ DB ] CONNECT:[ UseTime:0.028597s ] mysql:host=119.23.11.98;dbname=bigwu;charset=utf8
[ sql ] [ SQL ] SHOW COLUMNS FROM `bw_category` [ RunTime:0.018881s ]
[ sql ] [ SQL ] SELECT * FROM `bw_category` WHERE  `status` = 1  AND `parent_id` = 0 ORDER BY `listorder` DESC,`id` DESC [ RunTime:0.020717s ]
[ sql ] [ SQL ] SELECT * FROM `bw_category` WHERE  `parent_id` = 7  AND `status` = 1 [ RunTime:0.019660s ]
[ sql ] [ SQL ] SELECT * FROM `bw_category` WHERE  `parent_id` = 8  AND `status` = 1 [ RunTime:0.019761s ]
[ sql ] [ SQL ] SELECT * FROM `bw_category` WHERE  `parent_id` = 9  AND `status` = 1 [ RunTime:0.019114s ]
[ sql ] [ SQL ] SELECT * FROM `bw_category` WHERE  `parent_id` = 10  AND `status` = 1 [ RunTime:0.018469s ]
[ sql ] [ SQL ] SELECT `id` FROM `bw_category` WHERE  `name` = '唔该'  AND `status` = 1 LIMIT 1 [ RunTime:0.018154s ]
[ sql ] [ SQL ] SELECT `id` FROM `bw_category` WHERE  `name` = '产品'  AND `status` = 1 LIMIT 1 [ RunTime:0.018665s ]
[ sql ] [ SQL ] SELECT `id` FROM `bw_category` WHERE  `name` = '联系'  AND `status` = 1 LIMIT 1 [ RunTime:0.018309s ]
---------------------------------------------------------------
[ 2018-10-13T09:58:45+08:00 ] 127.0.0.1 GET /static/home/js/swiper.min.js.map
[ info ] bigwu.com/static/home/js/swiper.min.js.map [运行时间：0.019706s][吞吐率：50.75req/s] [内存消耗：1,232.51kb] [文件加载：32]
[ info ] [ LANG ] D:\SoftDownload\wamp\www\bigwu\thinkphp\lang\zh-cn.php
[ info ] [ ROUTE ] array (
  'type' => 'module',
  'module' => 
  array (
    0 => 'static',
    1 => 'home',
    2 => 'js',
  ),
)
[ info ] [ HEADER ] array (
  'accept' => '*/*',
  'accept-language' => 'zh-CN',
  'accept-encoding' => 'gzip, deflate',
  'user-agent' => 'Mozilla/5.0 (Windows NT 10.0; WOW64; Trident/7.0; rv:11.0) like Gecko',
  'host' => 'bigwu.com',
  'connection' => 'Keep-Alive',
  'cache-control' => 'no-cache',
  'cookie' => '__guid=25323182.104445654605618800.1539394321289.062; monitor_count=8',
)
[ info ] [ PARAM ] array (
  '/static/home/js/swiper_min_js_map' => '',
)
[ info ] [ LOG ] INIT File
---------------------------------------------------------------
[ 2018-10-13T09:58:48+08:00 ] 127.0.0.1 GET /
[ info ] bigwu.com/ [运行时间：0.244739s][吞吐率：4.09req/s] [内存消耗：2,858.01kb] [文件加载：47]
[ info ] [ LANG ] D:\SoftDownload\wamp\www\bigwu\thinkphp\lang\zh-cn.php
[ info ] [ ROUTE ] array (
  'type' => 'module',
  'module' => 
  array (
    0 => 'home',
    1 => 'index',
    2 => 'index',
  ),
  'convert' => false,
)
[ info ] [ HEADER ] array (
  'accept' => 'text/html, application/xhtml+xml, image/jxr, */*',
  'accept-language' => 'zh-CN',
  'user-agent' => 'Mozilla/5.0 (Windows NT 10.0; WOW64; Trident/7.0; rv:11.0) like Gecko',
  'accept-encoding' => 'gzip, deflate',
  'host' => 'bigwu.com',
  'connection' => 'Keep-Alive',
  'cookie' => '__guid=25323182.104445654605618800.1539394321289.062; monitor_count=8',
)
[ info ] [ PARAM ] array (
)
[ info ] [ DB ] INIT mysql
[ info ] [ RUN ] app\home\controller\Index->index[ D:\SoftDownload\wamp\www\bigwu\application\home\controller\Index.php ]
[ info ] [ VIEW ] D:\SoftDownload\wamp\www\bigwu\public/../application/home\view\index\index.html [ array (
  0 => 'columnData',
) ]
[ info ] [ LOG ] INIT File
[ sql ] [ DB ] CONNECT:[ UseTime:0.028953s ] mysql:host=119.23.11.98;dbname=bigwu;charset=utf8
[ sql ] [ SQL ] SHOW COLUMNS FROM `bw_category` [ RunTime:0.019004s ]
[ sql ] [ SQL ] SELECT * FROM `bw_category` WHERE  `status` = 1  AND `parent_id` = 0 ORDER BY `listorder` DESC,`id` DESC [ RunTime:0.023375s ]
[ sql ] [ SQL ] SELECT * FROM `bw_category` WHERE  `parent_id` = 7  AND `status` = 1 [ RunTime:0.019699s ]
[ sql ] [ SQL ] SELECT * FROM `bw_category` WHERE  `parent_id` = 8  AND `status` = 1 [ RunTime:0.019339s ]
[ sql ] [ SQL ] SELECT * FROM `bw_category` WHERE  `parent_id` = 9  AND `status` = 1 [ RunTime:0.017963s ]
[ sql ] [ SQL ] SELECT * FROM `bw_category` WHERE  `parent_id` = 10  AND `status` = 1 [ RunTime:0.018542s ]
[ sql ] [ SQL ] SELECT `id` FROM `bw_category` WHERE  `name` = '唔该'  AND `status` = 1 LIMIT 1 [ RunTime:0.018278s ]
[ sql ] [ SQL ] SELECT `id` FROM `bw_category` WHERE  `name` = '产品'  AND `status` = 1 LIMIT 1 [ RunTime:0.018349s ]
[ sql ] [ SQL ] SELECT `id` FROM `bw_category` WHERE  `name` = '联系'  AND `status` = 1 LIMIT 1 [ RunTime:0.018334s ]
---------------------------------------------------------------
[ 2018-10-13T09:58:48+08:00 ] 127.0.0.1 GET /static/home/js/swiper.min.js.map
[ info ] bigwu.com/static/home/js/swiper.min.js.map [运行时间：0.030982s][吞吐率：32.28req/s] [内存消耗：1,232.26kb] [文件加载：32]
[ info ] [ LANG ] D:\SoftDownload\wamp\www\bigwu\thinkphp\lang\zh-cn.php
[ info ] [ ROUTE ] array (
  'type' => 'module',
  'module' => 
  array (
    0 => 'static',
    1 => 'home',
    2 => 'js',
  ),
)
[ info ] [ HEADER ] array (
  'accept' => '*/*',
  'accept-language' => 'zh-CN',
  'accept-encoding' => 'gzip, deflate',
  'user-agent' => 'Mozilla/5.0 (Windows NT 10.0; WOW64; Trident/7.0; rv:11.0) like Gecko',
  'host' => 'bigwu.com',
  'connection' => 'Keep-Alive',
  'cookie' => '__guid=25323182.104445654605618800.1539394321289.062; monitor_count=8',
)
[ info ] [ PARAM ] array (
  '/static/home/js/swiper_min_js_map' => '',
)
[ info ] [ LOG ] INIT File
---------------------------------------------------------------
[ 2018-10-13T09:59:39+08:00 ] 127.0.0.1 GET /
[ info ] bigwu.com/ [运行时间：0.255810s][吞吐率：3.91req/s] [内存消耗：2,858.01kb] [文件加载：47]
[ info ] [ LANG ] D:\SoftDownload\wamp\www\bigwu\thinkphp\lang\zh-cn.php
[ info ] [ ROUTE ] array (
  'type' => 'module',
  'module' => 
  array (
    0 => 'home',
    1 => 'index',
    2 => 'index',
  ),
  'convert' => false,
)
[ info ] [ HEADER ] array (
  'accept' => 'text/html, application/xhtml+xml, image/jxr, */*',
  'accept-language' => 'zh-CN',
  'user-agent' => 'Mozilla/5.0 (Windows NT 10.0; WOW64; Trident/7.0; rv:11.0) like Gecko',
  'accept-encoding' => 'gzip, deflate',
  'host' => 'bigwu.com',
  'connection' => 'Keep-Alive',
  'cookie' => '__guid=25323182.104445654605618800.1539394321289.062; monitor_count=8',
)
[ info ] [ PARAM ] array (
)
[ info ] [ DB ] INIT mysql
[ info ] [ RUN ] app\home\controller\Index->index[ D:\SoftDownload\wamp\www\bigwu\application\home\controller\Index.php ]
[ info ] [ VIEW ] D:\SoftDownload\wamp\www\bigwu\public/../application/home\view\index\index.html [ array (
  0 => 'columnData',
) ]
[ info ] [ LOG ] INIT File
[ sql ] [ DB ] CONNECT:[ UseTime:0.030526s ] mysql:host=119.23.11.98;dbname=bigwu;charset=utf8
[ sql ] [ SQL ] SHOW COLUMNS FROM `bw_category` [ RunTime:0.020057s ]
[ sql ] [ SQL ] SELECT * FROM `bw_category` WHERE  `status` = 1  AND `parent_id` = 0 ORDER BY `listorder` DESC,`id` DESC [ RunTime:0.020486s ]
[ sql ] [ SQL ] SELECT * FROM `bw_category` WHERE  `parent_id` = 7  AND `status` = 1 [ RunTime:0.020132s ]
[ sql ] [ SQL ] SELECT * FROM `bw_category` WHERE  `parent_id` = 8  AND `status` = 1 [ RunTime:0.020613s ]
[ sql ] [ SQL ] SELECT * FROM `bw_category` WHERE  `parent_id` = 9  AND `status` = 1 [ RunTime:0.019665s ]
[ sql ] [ SQL ] SELECT * FROM `bw_category` WHERE  `parent_id` = 10  AND `status` = 1 [ RunTime:0.019784s ]
[ sql ] [ SQL ] SELECT `id` FROM `bw_category` WHERE  `name` = '唔该'  AND `status` = 1 LIMIT 1 [ RunTime:0.019565s ]
[ sql ] [ SQL ] SELECT `id` FROM `bw_category` WHERE  `name` = '产品'  AND `status` = 1 LIMIT 1 [ RunTime:0.019377s ]
[ sql ] [ SQL ] SELECT `id` FROM `bw_category` WHERE  `name` = '联系'  AND `status` = 1 LIMIT 1 [ RunTime:0.019416s ]
---------------------------------------------------------------
[ 2018-10-13T09:59:39+08:00 ] 127.0.0.1 GET /
[ info ] bigwu.com/ [运行时间：0.247307s][吞吐率：4.04req/s] [内存消耗：2,858.01kb] [文件加载：47]
[ info ] [ LANG ] D:\SoftDownload\wamp\www\bigwu\thinkphp\lang\zh-cn.php
[ info ] [ ROUTE ] array (
  'type' => 'module',
  'module' => 
  array (
    0 => 'home',
    1 => 'index',
    2 => 'index',
  ),
  'convert' => false,
)
[ info ] [ HEADER ] array (
  'accept' => 'text/html, application/xhtml+xml, image/jxr, */*',
  'accept-language' => 'zh-CN',
  'user-agent' => 'Mozilla/5.0 (Windows NT 10.0; WOW64; Trident/7.0; rv:11.0) like Gecko',
  'accept-encoding' => 'gzip, deflate',
  'host' => 'bigwu.com',
  'connection' => 'Keep-Alive',
  'cookie' => '__guid=25323182.104445654605618800.1539394321289.062; monitor_count=8',
)
[ info ] [ PARAM ] array (
)
[ info ] [ DB ] INIT mysql
[ info ] [ RUN ] app\home\controller\Index->index[ D:\SoftDownload\wamp\www\bigwu\application\home\controller\Index.php ]
[ info ] [ VIEW ] D:\SoftDownload\wamp\www\bigwu\public/../application/home\view\index\index.html [ array (
  0 => 'columnData',
) ]
[ info ] [ LOG ] INIT File
[ sql ] [ DB ] CONNECT:[ UseTime:0.029681s ] mysql:host=119.23.11.98;dbname=bigwu;charset=utf8
[ sql ] [ SQL ] SHOW COLUMNS FROM `bw_category` [ RunTime:0.020003s ]
[ sql ] [ SQL ] SELECT * FROM `bw_category` WHERE  `status` = 1  AND `parent_id` = 0 ORDER BY `listorder` DESC,`id` DESC [ RunTime:0.020430s ]
[ sql ] [ SQL ] SELECT * FROM `bw_category` WHERE  `parent_id` = 7  AND `status` = 1 [ RunTime:0.019695s ]
[ sql ] [ SQL ] SELECT * FROM `bw_category` WHERE  `parent_id` = 8  AND `status` = 1 [ RunTime:0.019814s ]
[ sql ] [ SQL ] SELECT * FROM `bw_category` WHERE  `parent_id` = 9  AND `status` = 1 [ RunTime:0.018973s ]
[ sql ] [ SQL ] SELECT * FROM `bw_category` WHERE  `parent_id` = 10  AND `status` = 1 [ RunTime:0.019202s ]
[ sql ] [ SQL ] SELECT `id` FROM `bw_category` WHERE  `name` = '唔该'  AND `status` = 1 LIMIT 1 [ RunTime:0.019918s ]
[ sql ] [ SQL ] SELECT `id` FROM `bw_category` WHERE  `name` = '产品'  AND `status` = 1 LIMIT 1 [ RunTime:0.019244s ]
[ sql ] [ SQL ] SELECT `id` FROM `bw_category` WHERE  `name` = '联系'  AND `status` = 1 LIMIT 1 [ RunTime:0.019074s ]
---------------------------------------------------------------
[ 2018-10-13T09:59:40+08:00 ] 127.0.0.1 GET /static/home/js/swiper.min.js.map
[ info ] bigwu.com/static/home/js/swiper.min.js.map [运行时间：0.021076s][吞吐率：47.45req/s] [内存消耗：1,232.26kb] [文件加载：32]
[ info ] [ LANG ] D:\SoftDownload\wamp\www\bigwu\thinkphp\lang\zh-cn.php
[ info ] [ ROUTE ] array (
  'type' => 'module',
  'module' => 
  array (
    0 => 'static',
    1 => 'home',
    2 => 'js',
  ),
)
[ info ] [ HEADER ] array (
  'accept' => '*/*',
  'accept-language' => 'zh-CN',
  'accept-encoding' => 'gzip, deflate',
  'user-agent' => 'Mozilla/5.0 (Windows NT 10.0; WOW64; Trident/7.0; rv:11.0) like Gecko',
  'host' => 'bigwu.com',
  'connection' => 'Keep-Alive',
  'cookie' => '__guid=25323182.104445654605618800.1539394321289.062; monitor_count=8',
)
[ info ] [ PARAM ] array (
  '/static/home/js/swiper_min_js_map' => '',
)
[ info ] [ LOG ] INIT File
